


[1 1 2 6 24 120 720]
[91 91 91 91 91 92 335]
[1 2 3 4 5 6] 
[2 3 4 5 6 7] 
[3 5 7 9 11 13] 
[5 13 29 61 125 253] 
[13] 
[1 2 1 3 1 2 1]
[1 2 1 3 1 2 1 4 1 2 1 3 1 2 1]
[1 2 1 3 1 2 1 4 1 2 1 3 1 2 1 5 1 2 1 3 1 2 1 4 1 2 1 3 1 2 1]
[1 1 2 6 24 120 720]
[91 91 91 91 91 92 335]
[5 13 29 61 125 253]
[5 13 29 61 125 253]
[1 2 1 3 1 2 1 4 1 2 1 3 1 2 1 5 1 2 1 3 1 2 1 4 1 2 1 3 1 2 1]
[1 2 3 4 5 6] 
[2 3 4 5 6 7] 
[3 5 7 9 11 13] 
[5 13 29 61 125 253] 
[13]
[91 91 91 91 91 92 335]
[5 13 29 61 125 253]
[1 2 1 3 1 2 1 4 1 2 1 3 1 2 1 5 1 2 1 3 1 2 1 4 1 2 1 3 1 2 1]
{4}
{1 7}
[{3} {1 3} {1 2 3} {2 3} {2} {1 2} {1} {}]
[{} {1} {1 2} {2} {2 3} {1 2 3} {1 3} {3}]
[{1 2} {2} {} {1} {1 3} {3} {2 3} {1 2 3}]
[1 2 1 3 1 2 1 4 1 2 1 3 1 2 1]
125
[{3} {1 3} {1 2 3} {2 3} {2} {1 2} {1} {}]
[source temp] [source destination] [temp destination] 
[S D] [S T] [D T] [S D] [T S] [T D] [S D] [S T] [D T] [D S] [T S] [D T] [S D] [S T] [D T] [S D] [T S] [T D] [S D] [T S] [D T] [D S] [T S] [T D] [S D] [S T] [D T] [S D] [T S] [T D] [S D] 
[1 1 2 6 24 120 720]
[91 91 91 91 91 92 335]
false
true
5
6
