[0 [1 From]]
[0 [2 [2 +] From-by]]
[1 [2 [2 *] From-by]]
[0 [1 From]]
[1 [2 From]]
[2 [3 From]]
[2 [3 From]]
[3 [4 From]]
[1 [1 [] From-by]]
[1 [1 [] From-by]]
[1 [1 [] From-by]]
0
2
4
4
6
[0 2 4 6 8 10 12 14 16 18]
16
512
524288
[1048576 [2097152 [2 *] From-by]]
1048576
[1 2 4 8 16 32 64 128 256 512]
[32 64 128 256 512]
[1 1 1 1 1]
[1 1 1 1 1]
[1 [1.1 [1.1 *] From-by]]
[1.1 [1.21 [1.1 *] From-by]]
1.21
[2.59374 [2.85312 [1.1 *] From-by]]
2.35795
[1 1.1 1.21 1.331 1.4641 1.61051 1.77156 1.94872 2.14359 2.35795]
[true [false [not] From-by]]
true
[false [true [not] From-by]]
[true false true false true false true false true false]
["" "a" "aa" "aaa" "aaaa" "aaaaa" "aaaaaa"]
[[] [[]] [[[]]] [[[[]]]] [[[[[]]]]] [[[[[[]]]]]] [[[[[[[]]]]]]]]
['0 ['1 '9 From-to]]
'2
['9 [': '9 From-to]]
false
[]
true
['0 '1 '2 '3 '4]
['0 '1 '2 '3 '4 '5 '6 '7 '8 '9]
[10 [13 50 [3 +] From-to-by]]
16
[0 1 4 9 16 25 36 49 64 81]
[0 1 2 3 5 7 11 13 17 19]
[0 3 21 144 987 6765 46368 317811 2178309 14930352]
[0 1 4 9 25 49 121 169 289 361]
[1000001 [1000002 From]]
[1000003 [[1000004 [1000005 From]] [prime] Filter]]
1000037
[1000003 1000033 1000037 1000039 1000081 1000099 1000117 1000121 1000133 1000151 1000159 1000171 1000183 1000187 1000193 1000199 1000211 1000213 1000231 1000249 1000253 1000273 1000289 1000291 1000303 1000313 1000333 1000357 1000367 1000381 1000393 1000397 1000403 1000409 1000423 1000427 1000429 1000453 1000457 1000507 1000537 1000541 1000547 1000577 1000579 1000589 1000609 1000619 1000621 1000639]
