output from test file  mtrtst.joy  (* MATRICES and VECTORS *)
user input is indented by one tab
["hello" "hello" "hello" "hello" "hello"]
[1 1 1 1 1]
[6 7 8]
[31.3 62.6 93.9]
[4 3 2 1 0 -1 -2 -3 -4 -5]
[-4 -3 -2 -1 0 1 2 3 4 5]
[{2} {4 6} {8}]
[3.14 9.8596 30.9591]
[1 4 9 16]
[-1.1 -2.2 -3.3 -4.4 -5.5]
[0.909091 0.454545 0.30303 0.227273 0.181818]
false
true
[11 22 33]
[10 40 90]
[{1 2 3 4} {2 3 4 5 6}]
[{1 3} {4}]
[true false false false]
14
31.46
{2 3 6}
{2}
{}
{1 2 3 4 5 6}
true
[[1 2 3 4]]
[[1] [2] [3] [4]]
[[1 0 0 0] [0 2 0 0] [0 0 3 0] [0 0 0 4]]
[[1 0 0 0] [0 2 0 0] [0 0 3 0] [0 0 0 4]]
[["Peter" "" ""] ["" "Paul" ""] ["" "" "Mary"]]
[[{1 2} {} {}] [{} {3 4 5} {}] [{} {} {6}]]
[[1 0 0 0] [0 1 0 0] [0 0 1 0] [0 0 0 1]]
[[1 0 0 0] [0 1 0 0] [0 0 1 0] [0 0 0 1]]
[['i 'o 'o 'o] ['o 'i 'o 'o] ['o 'o 'i 'o] ['o 'o 'o 'i]]
[[11 21] [12 22] [13 23]]
[[4.4 5.5 6.6 7.7] [5.5 6.6 7.7 8.8]]
[[4.84 6.05 7.26 8.47] [9.68 12.1 14.52 16.94]]
[[{1 2 3} {1 2 3} {1 2 3 4}] [{1 4 5} {2 3 4 5} {3 4 5}]]
[[{1} {2 3} {3}] [{} {} {4}]]
[[1 1 1] [2 4 8] [3 9 27] [4 16 64]]
[[0 1 0] [0.5 0.866025 0.57735] [0.707107 0.707107 1]]
[[[peter smith] [peter jones]] [[paul smith] [paul jones]]]
2
[[paul jones] [paul smith] [peter jones] [peter smith]]
4
[[1 2] [3 4] [5 6] [7 8]]
[[1 2 5 6] [3 4 7 8]]
[[1 4 7 10] [2 5 8 11] [3 6 9 12]]
[[11 12] [13 14] [15 16]]
[[-9 -8] [-7 -6] [-5 -4]]
[[10 20] [30 40] [50 60]]
[[0 0] [0 0] [0 0]]
[[7 7] [7 7] [7 7]]
[[2 3] [4 5] [6 7]]
[[{1} {3}] [{5} {7}]]
[[4 3 2] [1 0 -1] [-2 -3 -4]]
[[-4 -3 -2] [-1 0 1] [2 3 4]]
[[0 0 0] [0 0 0] [0 0 0]]
[[11 22 33] [44 55 66]]
[[11 22 33] [44 55 66]]
[[10 40 90] [160 250 360]]
[[true true] [true false]]
[[true false] [false false]]
[[false true] [true false]]
[[1 0] [0 1]]
[[1 0] [0 1]]
[[1 2 3] [4 5 6]]
[[1 2] [3 4] [5 6]]
[[1 2] [3 4] [5 6]]
[ [1.1 2.2] 
  [3.3 4.4] 
  [5.5 6.6] ]
[ [1.1 2.2] 
  [3.3 4.4] ]
[ [8.47 12.1] 
  [18.15 26.62] 
  [27.83 41.14] ]
[ [{1 2} {3 4}] 
  [{4 5} {6 7}] ]
[ [{1 3 5} {6}] 
  [{2} {3 4 5}] ]
[ [{1} {3 4}] 
  [{5} {}] ]
